03/09/20, 21:19:12, 4, 0, D:\Coding\Project\WindowsApplication1\WindowsApplication1\bin\Debug\notajual.rpt:Server has not yet been opened.
03/09/20, 21:24:01, 4, 0, D:\Coding\Project\WindowsApplication1\WindowsApplication1\bin\Debug\notajual.rpt:Server has not yet been opened.
03/09/20, 21:24:58, 4, 0, D:\Coding\Project\WindowsApplication1\WindowsApplication1\bin\Debug\notajual.rpt:Server has not yet been opened.
03/10/20, 14:15:16, 4, 0, D:\Coding\Project\WindowsApplication1\WindowsApplication1\bin\Debug\notajual.rpt:Server has not yet been opened.
03/10/20, 15:32:16, 4, 0, :File not found.
03/10/20, 15:32:16, 4, 0, :File not found.
03/10/20, 15:34:45, 4, 0, :File not found.
03/10/20, 15:34:45, 4, 0, :File not found.
03/10/20, 15:50:20, 4, 0, D:\Coding\Project\WindowsApplication1\WindowsApplication1\bin\Debug\notajual.rpt:Server has not yet been opened.
03/10/20, 15:50:59, 4, 0, :File not found.
03/10/20, 15:50:59, 4, 0, :File not found.
03/10/20, 15:51:46, 4, 0, :File not found.
03/10/20, 15:51:46, 4, 0, :File not found.
03/10/20, 17:53:06, 4, 0, D:\Coding\Project\WindowsApplication1\WindowsApplication1\bin\Debug\notapenjualan.rpt:Error detected by database DLL.
03/10/20, 17:58:37, 4, 0, D:\Coding\Project\WindowsApplication1\WindowsApplication1\bin\Debug\notapenjualan.rpt:Error detected by database DLL.
03/10/20, 18:00:25, 4, 0, D:\Coding\Project\WindowsApplication1\WindowsApplication1\bin\Debug\notapenjualan.rpt:Error detected by database DLL.
03/10/20, 18:02:37, 4, 0, :File not found.
03/10/20, 18:02:37, 4, 0, :File not found.
03/10/20, 18:09:58, 4, 0, D:\Coding\Project\WindowsApplication1\WindowsApplication1\bin\Debug\notapenjualan.rpt:Error detected by database DLL.
03/10/20, 18:12:21, 4, 0, D:\Coding\Project\WindowsApplication1\WindowsApplication1\bin\Debug\notapenjualan.rpt:Error detected by database DLL.
03/11/20, 23:13:28, 4, 0, C:\Users\win7s\Documents\Visual Studio 2010\Projects\WindowsApplication1\WindowsApplication1\bin\Debug\lap-data-admin.rpt:Server has not yet been opened.
03/11/20, 23:14:29, 4, 0, C:\Users\win7s\Documents\Visual Studio 2010\Projects\WindowsApplication1\WindowsApplication1\bin\Debug\lap-data-admin.rpt:Server has not yet been opened.
03/11/20, 23:18:45, 4, 0, C:\Users\win7s\Documents\Visual Studio 2010\Projects\WindowsApplication1\WindowsApplication1\bin\Debug\lap-data-admin.rpt:Server has not yet been opened.
03/11/20, 23:19:20, 4, 0, C:\Users\win7s\Documents\Visual Studio 2010\Projects\WindowsApplication1\WindowsApplication1\bin\Debug\lap-data-pelanggan.rpt:Server has not yet been opened.
03/11/20, 23:20:27, 4, 0, C:\Users\win7s\Documents\Visual Studio 2010\Projects\WindowsApplication1\WindowsApplication1\bin\Debug\LaporanPerNota.rpt:Server has not yet been opened.
03/11/20, 23:24:17, 4, 0, C:\Users\win7s\Documents\Visual Studio 2010\Projects\WindowsApplication1\WindowsApplication1\bin\Debug\LaporanHarian.rpt:Server has not yet been opened.
03/11/20, 23:25:22, 4, 0, C:\Users\win7s\Documents\Visual Studio 2010\Projects\WindowsApplication1\WindowsApplication1\bin\Debug\lap-data-pelanggan.rpt:Server has not yet been opened.
03/11/20, 23:26:17, 4, 0, C:\Users\win7s\Documents\Visual Studio 2010\Projects\WindowsApplication1\WindowsApplication1\bin\Debug\lap-data-pelanggan.rpt:Server has not yet been opened.
03/11/20, 23:26:29, 4, 0, C:\Users\win7s\Documents\Visual Studio 2010\Projects\WindowsApplication1\WindowsApplication1\bin\Debug\lap-data-barang.rpt:Server has not yet been opened.
03/11/20, 23:41:13, 4, 0, C:\Users\win7s\Documents\Visual Studio 2010\Projects\WindowsApplication1\WindowsApplication1\bin\Debug\lap-data-barang.rpt:Server has not yet been opened.
03/11/20, 23:41:27, 4, 0, C:\Users\win7s\Documents\Visual Studio 2010\Projects\WindowsApplication1\WindowsApplication1\bin\Debug\lap-data-pelanggan.rpt:Server has not yet been opened.
03/11/20, 23:43:54, 4, 0, C:\Users\win7s\Documents\Visual Studio 2010\Projects\WindowsApplication1\WindowsApplication1\bin\Debug\lap-data-pelanggan.rpt:Server has not yet been opened.
03/13/20, 00:05:37, 4, 0, C:\Users\win7s\Documents\Visual Studio 2010\Projects\WindowsApplication1\WindowsApplication1\bin\Debug\LaporanMingguan.rpt:The ) is missing.
03/13/20, 00:06:29, 4, 0, C:\Users\win7s\Documents\Visual Studio 2010\Projects\WindowsApplication1\WindowsApplication1\bin\Debug\LaporanMingguan.rpt:The ) is missing.
03/13/20, 00:07:10, 4, 0, C:\Users\win7s\Documents\Visual Studio 2010\Projects\WindowsApplication1\WindowsApplication1\bin\Debug\LaporanMingguan.rpt:The ) is missing.
03/13/20, 00:08:04, 4, 0, C:\Users\win7s\Documents\Visual Studio 2010\Projects\WindowsApplication1\WindowsApplication1\bin\Debug\LaporanMingguan.rpt:The ) is missing.
03/22/20, 00:25:25, 4, 0, C:\Users\win7s\Documents\Visual Studio 2010\Projects\Project 1 Expedisi 1.1\WindowsApplication1\WindowsApplication1\bin\Debug\lap-data-barang.rpt:Error detected by database DLL.
03/22/20, 01:49:13, 4, 0, C:\Users\win7s\Documents\Visual Studio 2010\Projects\Project 1 Expedisi 1.1\WindowsApplication1\WindowsApplication1\bin\Debug\lap-data-barang.rpt:Error detected by database DLL.
03/22/20, 01:53:23, 4, 0, C:\Users\win7s\Documents\Visual Studio 2010\Projects\Project 1 Expedisi 1.1\WindowsApplication1\WindowsApplication1\bin\Debug\lap-data-barang.rpt:Error detected by database DLL.
03/22/20, 12:01:17, 4, 0, D:\Coding\Project\Project 1 Expedisi 1.1.1\Project 1 Expedisi 1.1\WindowsApplication1\WindowsApplication1\bin\Debug\NotaPenjualanNewDBS.rpt:Error detected by database DLL.
03/22/20, 13:13:07, 4, 0, D:\Coding\Project\Project 1 Expedisi 1.1.1\Project 1 Expedisi 1.1\WindowsApplication1\WindowsApplication1\bin\Debug\lap-data-barang.rpt:Error detected by database DLL.
03/24/20, 21:31:02, 4, 0, C:\Users\win7s\Documents\Visual Studio 2010\Projects\Project 1 Expedisi 1.1.1\Project 1 Expedisi 1.1\WindowsApplication1\WindowsApplication1\bin\Debug\NotaPenerimaan.rpt:Server has not yet been opened.
03/24/20, 21:32:16, 4, 0, C:\Users\win7s\Documents\Visual Studio 2010\Projects\Project 1 Expedisi 1.1.1\Project 1 Expedisi 1.1\WindowsApplication1\WindowsApplication1\bin\Debug\NotaPenerimaan.rpt:Server has not yet been opened.
